This is pdfTeX, Version 3.14159265-2.6-1.40.16 (TeX Live 2015) (preloaded format=pdflatex 2016.1.14)  29 AUG 2017 10:06
entering extended mode
 restricted \write18 enabled.
 %&-line parsing enabled.
**paper.tex
(./paper.tex
LaTeX2e <2015/01/01>
Babel <3.9l> and hyphenation patterns for 79 languages loaded.
(/usr/local/texlive/2015/texmf-dist/tex/latex/base/fix-cm.sty
Package: fix-cm 2015/01/14 v1.1t fixes to LaTeX

(/usr/local/texlive/2015/texmf-dist/tex/latex/base/ts1enc.def
File: ts1enc.def 2001/06/05 v3.0e (jk/car/fm) Standard LaTeX file
)) (./svjour3.cls
Document Class: svjour3 2007/05/08 v3.2 
LaTeX document class for Springer journals
Class Springer-SVJour3 Info: extra/valid Springer sub-package (-> *.clo) 
(Springer-SVJour3)           not found in option list of \documentclass
(Springer-SVJour3)           - autoactivating "global" style.
(./svglov3.clo
File: svglov3.clo 2009/12/18 v3.2 style option for standardised journals

SVJour Class option: svglov3.clo for standardised journals
)
LaTeX Font Info:    Redeclaring math symbol \Gamma on input line 147.
LaTeX Font Info:    Redeclaring math symbol \Delta on input line 148.
LaTeX Font Info:    Redeclaring math symbol \Theta on input line 149.
LaTeX Font Info:    Redeclaring math symbol \Lambda on input line 150.
LaTeX Font Info:    Redeclaring math symbol \Xi on input line 151.
LaTeX Font Info:    Redeclaring math symbol \Pi on input line 152.
LaTeX Font Info:    Redeclaring math symbol \Sigma on input line 153.
LaTeX Font Info:    Redeclaring math symbol \Upsilon on input line 154.
LaTeX Font Info:    Redeclaring math symbol \Phi on input line 155.
LaTeX Font Info:    Redeclaring math symbol \Psi on input line 156.
LaTeX Font Info:    Redeclaring math symbol \Omega on input line 157.
\logodepth=\dimen102
\headerboxheight=\dimen103
\betweenumberspace=\dimen104
\aftertext=\dimen105
\headlineindent=\dimen106
\c@inst=\count79
\c@auth=\count80
\instindent=\dimen107
\authrun=\box26
\authorrunning=\toks14
\titrun=\box27
\titlerunning=\toks15
\combirun=\box28
\c@lastpage=\count81
\rubricwidth=\dimen108
\c@section=\count82
\c@subsection=\count83
\c@subsubsection=\count84
\c@paragraph=\count85
\c@subparagraph=\count86
\spthmsep=\dimen109
\c@theorem=\count87
\c@case=\count88
\c@conjecture=\count89
\c@corollary=\count90
\c@definition=\count91
\c@example=\count92
\c@exercise=\count93
\c@lemma=\count94
\c@note=\count95
\c@problem=\count96
\c@property=\count97
\c@proposition=\count98
\c@question=\count99
\c@solution=\count100
\c@remark=\count101
\c@figure=\count102
\c@table=\count103
\abovecaptionskip=\skip41
\belowcaptionskip=\skip42
\figcapgap=\dimen110
\tabcapgap=\dimen111
\figgap=\dimen112
\bibindent=\dimen113
\@tempcntc=\count104
) (/usr/local/texlive/2015/texmf-dist/tex/generic/babel/babel.sty
Package: babel 2014/09/25 3.9l The Babel package

(/usr/local/texlive/2015/texmf-dist/tex/generic/babel-english/english.ldf
Language: english 2012/08/20 v3.3p English support from the babel system

(/usr/local/texlive/2015/texmf-dist/tex/generic/babel/babel.def
File: babel.def 2014/09/25 3.9l Babel common definitions
\babel@savecnt=\count105
\U@D=\dimen114
)
\l@canadian = a dialect from \language\l@american 
\l@australian = a dialect from \language\l@british 
\l@newzealand = a dialect from \language\l@british 
))
(/usr/local/texlive/2015/texmf-dist/tex/latex/graphics/color.sty
Package: color 2014/10/28 v1.1a Standard LaTeX Color (DPC)

(/usr/local/texlive/2015/texmf-dist/tex/latex/latexconfig/color.cfg
File: color.cfg 2007/01/18 v1.5 color configuration of teTeX/TeXLive
)
Package color Info: Driver file: pdftex.def on input line 142.

(/usr/local/texlive/2015/texmf-dist/tex/latex/pdftex-def/pdftex.def
File: pdftex.def 2011/05/27 v0.06d Graphics/color for pdfTeX

(/usr/local/texlive/2015/texmf-dist/tex/generic/oberdiek/infwarerr.sty
Package: infwarerr 2010/04/08 v1.3 Providing info/warning/error messages (HO)
)
(/usr/local/texlive/2015/texmf-dist/tex/generic/oberdiek/ltxcmds.sty
Package: ltxcmds 2011/11/09 v1.22 LaTeX kernel commands for general use (HO)
)
\Gread@gobject=\count106
))
(/usr/local/texlive/2015/texmf-dist/tex/latex/colortbl/colortbl.sty
Package: colortbl 2012/02/13 v1.0a Color table columns (DPC)

(/usr/local/texlive/2015/texmf-dist/tex/latex/tools/array.sty
Package: array 2014/10/28 v2.4c Tabular extension package (FMi)
\col@sep=\dimen115
\extrarowheight=\dimen116
\NC@list=\toks16
\extratabsurround=\skip43
\backup@length=\skip44
)
\everycr=\toks17
\minrowclearance=\skip45
)
(/usr/local/texlive/2015/texmf-dist/tex/latex/comment/comment.sty
\CommentStream=\write3

Excluding comment 'comment')
(/usr/local/texlive/2015/texmf-dist/tex/latex/graphics/epsfig.sty
Package: epsfig 1999/02/16 v1.7a (e)psfig emulation (SPQR)

(/usr/local/texlive/2015/texmf-dist/tex/latex/graphics/graphicx.sty
Package: graphicx 2014/10/28 v1.0g Enhanced LaTeX Graphics (DPC,SPQR)

(/usr/local/texlive/2015/texmf-dist/tex/latex/graphics/keyval.sty
Package: keyval 2014/10/28 v1.15 key=value parser (DPC)
\KV@toks@=\toks18
)
(/usr/local/texlive/2015/texmf-dist/tex/latex/graphics/graphics.sty
Package: graphics 2014/10/28 v1.0p Standard LaTeX Graphics (DPC,SPQR)

(/usr/local/texlive/2015/texmf-dist/tex/latex/graphics/trig.sty
Package: trig 1999/03/16 v1.09 sin cos tan (DPC)
)
(/usr/local/texlive/2015/texmf-dist/tex/latex/latexconfig/graphics.cfg
File: graphics.cfg 2010/04/23 v1.9 graphics configuration of TeX Live
)
Package graphics Info: Driver file: pdftex.def on input line 94.
)
\Gin@req@height=\dimen117
\Gin@req@width=\dimen118
)
\epsfxsize=\dimen119
\epsfysize=\dimen120
)
(/usr/local/texlive/2015/texmf-dist/tex/latex/listings/listings.sty
\lst@mode=\count107
\lst@gtempboxa=\box29
\lst@token=\toks19
\lst@length=\count108
\lst@currlwidth=\dimen121
\lst@column=\count109
\lst@pos=\count110
\lst@lostspace=\dimen122
\lst@width=\dimen123
\lst@newlines=\count111
\lst@lineno=\count112
\lst@maxwidth=\dimen124

(/usr/local/texlive/2015/texmf-dist/tex/latex/listings/lstmisc.sty
File: lstmisc.sty 2014/09/06 1.5e (Carsten Heinz)
\c@lstnumber=\count113
\lst@skipnumbers=\count114
\lst@framebox=\box30
)
(/usr/local/texlive/2015/texmf-dist/tex/latex/listings/listings.cfg
File: listings.cfg 2014/09/06 1.5e listings configuration
))
Package: listings 2014/09/06 1.5e (Carsten Heinz)

(/usr/local/texlive/2015/texmf-dist/tex/latex/oberdiek/epstopdf.sty
Package: epstopdf 2010/02/09 v2.5 Conversion with epstopdf on the fly (HO)

(/usr/local/texlive/2015/texmf-dist/tex/latex/oberdiek/epstopdf-base.sty
Package: epstopdf-base 2010/02/09 v2.5 Base part for package epstopdf

(/usr/local/texlive/2015/texmf-dist/tex/latex/oberdiek/grfext.sty
Package: grfext 2010/08/19 v1.1 Manage graphics extensions (HO)

(/usr/local/texlive/2015/texmf-dist/tex/generic/oberdiek/kvdefinekeys.sty
Package: kvdefinekeys 2011/04/07 v1.3 Define keys (HO)
))
(/usr/local/texlive/2015/texmf-dist/tex/latex/oberdiek/kvoptions.sty
Package: kvoptions 2011/06/30 v3.11 Key value format for package options (HO)

(/usr/local/texlive/2015/texmf-dist/tex/generic/oberdiek/kvsetkeys.sty
Package: kvsetkeys 2012/04/25 v1.16 Key value parser (HO)

(/usr/local/texlive/2015/texmf-dist/tex/generic/oberdiek/etexcmds.sty
Package: etexcmds 2011/02/16 v1.5 Avoid name clashes with e-TeX commands (HO)

(/usr/local/texlive/2015/texmf-dist/tex/generic/oberdiek/ifluatex.sty
Package: ifluatex 2010/03/01 v1.3 Provides the ifluatex switch (HO)
Package ifluatex Info: LuaTeX not detected.
)
Package etexcmds Info: Could not find \expanded.
(etexcmds)             That can mean that you are not using pdfTeX 1.50 or
(etexcmds)             that some package has redefined \expanded.
(etexcmds)             In the latter case, load this package earlier.
)))
(/usr/local/texlive/2015/texmf-dist/tex/generic/oberdiek/pdftexcmds.sty
Package: pdftexcmds 2011/11/29 v0.20 Utility functions of pdfTeX for LuaTeX (HO
)

(/usr/local/texlive/2015/texmf-dist/tex/generic/oberdiek/ifpdf.sty
Package: ifpdf 2011/01/30 v2.3 Provides the ifpdf switch (HO)
Package ifpdf Info: pdfTeX in PDF mode is detected.
)
Package pdftexcmds Info: LuaTeX not detected.
Package pdftexcmds Info: \pdf@primitive is available.
Package pdftexcmds Info: \pdf@ifprimitive is available.
Package pdftexcmds Info: \pdfdraftmode found.
)
Package grfext Info: Graphics extension search list:
(grfext)             [.png,.pdf,.jpg,.mps,.jpeg,.jbig2,.jb2,.PNG,.PDF,.JPG,.JPE
G,.JBIG2,.JB2,.eps]
(grfext)             \AppendGraphicsExtensions on input line 452.

(/usr/local/texlive/2015/texmf-dist/tex/latex/latexconfig/epstopdf-sys.cfg
File: epstopdf-sys.cfg 2010/07/13 v1.3 Configuration of (r)epstopdf for TeX Liv
e
)))
(/usr/local/texlive/2015/texmf-dist/tex/latex/multirow/multirow.sty
\bigstrutjot=\dimen125
)
(/usr/local/texlive/2015/texmf-dist/tex/latex/rotating/rotating.sty
Package: rotating 2009/03/28 v2.16a rotated objects in LaTeX

(/usr/local/texlive/2015/texmf-dist/tex/latex/base/ifthen.sty
Package: ifthen 2014/09/29 v1.1c Standard LaTeX ifthen package (DPC)
)
\c@r@tfl@t=\count115
\rotFPtop=\skip46
\rotFPbot=\skip47
\rot@float@box=\box31
\rot@mess@toks=\toks20
)
(/usr/local/texlive/2015/texmf-dist/tex/latex/subfigure/subfigure.sty
Package: subfigure 2002/03/15 v2.1.5 subfigure package
\subfigtopskip=\skip48
\subfigcapskip=\skip49
\subfigcaptopadj=\dimen126
\subfigbottomskip=\skip50
\subfigcapmargin=\dimen127
\subfiglabelskip=\skip51
\c@subfigure=\count116
\c@lofdepth=\count117
\c@subtable=\count118
\c@lotdepth=\count119

****************************************
* Local config file subfigure.cfg used *
****************************************
(/usr/local/texlive/2015/texmf-dist/tex/latex/subfigure/subfigure.cfg)
\subfig@top=\skip52
\subfig@bottom=\skip53
)
(/usr/local/texlive/2015/texmf-dist/tex/latex/subfig/subfig.sty
Package: subfig 2005/06/28 ver: 1.3 subfig package

(/usr/local/texlive/2015/texmf-dist/tex/latex/caption/caption.sty
Package: caption 2013/05/02 v3.3-89 Customizing captions (AR)

(/usr/local/texlive/2015/texmf-dist/tex/latex/caption/caption3.sty
Package: caption3 2013/05/02 v1.6-88 caption3 kernel (AR)
Package caption3 Info: TeX engine: e-TeX on input line 57.
\captionmargin=\dimen128
\captionmargin@=\dimen129
\captionwidth=\dimen130
\caption@tempdima=\dimen131
\caption@indent=\dimen132
\caption@parindent=\dimen133
\caption@hangindent=\dimen134
Package caption Info: Unknown document class (or package),
(caption)             standard defaults will be used.
)

Package caption Warning: Unsupported document class (or package) detected,
(caption)                usage of the caption package is not recommended.
See the caption package documentation for explanation.

Package caption Info: \@makecaption = \long macro:#1#2->\captionstyle \ifx \@ca
ptype \fig@type \vskip \figcapgap \fi \setbox \@tempboxa \hbox {{\floatlegendst
yle #1\floatcounterend }\capstrut #2}\ifdim \wd \@tempboxa >\hsize {\floatlegen
dstyle #1\floatcounterend }\capstrut #2\par \else \hbox to\hsize {\leftlegendgl
ue \unhbox \@tempboxa \hfil }\fi \ifx \@captype \fig@type \else \vskip \tabcapg
ap \fi .
\c@ContinuedFloat=\count120
Package caption Info: listings package is loaded.
Package caption Info: rotating package is loaded.
Package caption Info: subfigure package is loaded.
)
\c@KVtest=\count121
\sf@farskip=\skip54
\sf@captopadj=\dimen135
\sf@capskip=\skip55
\sf@nearskip=\skip56
\sf@top=\skip57
\sf@bottom=\skip58
) (/usr/local/texlive/2015/texmf-dist/tex/latex/float/float.sty
Package: float 2001/11/08 v1.3d Float enhancements (AL)
\c@float@type=\count122
\float@exts=\toks21
\float@box=\box32
\@float@everytoks=\toks22
\@floatcapt=\box33
)
(/usr/local/texlive/2015/texmf-dist/tex/latex/preprint/balance.sty
Package: balance 1999/02/23 4.3 (PWD)
\oldvsize=\dimen136
)
(/usr/local/texlive/2015/texmf-dist/tex/latex/fancybox/fancybox.sty
Package: fancybox 2010/05/15 1.4

Style option: `fancybox' v1.4 <2010/05/15> (tvz)
\@fancybox=\box34
\shadowsize=\dimen137
\@Sbox=\box35
\do@VerbBox=\toks23
\the@fancyput=\toks24
\this@fancyput=\toks25
\EndVerbatimTokens=\toks26
\Verbatim@Outfile=\write4
\Verbatim@Infile=\read1
) (/usr/local/texlive/2015/texmf-dist/tex/latex/carlisle/scalefnt.sty)
(/usr/local/texlive/2015/texmf-dist/tex/generic/ulem/ulem.sty
\UL@box=\box36
\UL@hyphenbox=\box37
\UL@skip=\skip59
\UL@hook=\toks27
\UL@height=\dimen138
\UL@pe=\count123
\UL@pixel=\dimen139
\ULC@box=\box38
Package: ulem 2012/05/18
\ULdepth=\dimen140
)
(/usr/local/texlive/2015/texmf-dist/tex/latex/adjustbox/adjustbox.sty
Package: adjustbox 2012/05/21 v1.0 Adjusting TeX boxes (trim, clip, ...)

(/usr/local/texlive/2015/texmf-dist/tex/latex/xkeyval/xkeyval.sty
Package: xkeyval 2014/12/03 v2.7a package option processing (HA)

(/usr/local/texlive/2015/texmf-dist/tex/generic/xkeyval/xkeyval.tex
(/usr/local/texlive/2015/texmf-dist/tex/generic/xkeyval/xkvutils.tex
\XKV@toks=\toks28
\XKV@tempa@toks=\toks29
)
\XKV@depth=\count124
File: xkeyval.tex 2014/12/03 v2.7a key=value parser (HA)
))
(/usr/local/texlive/2015/texmf-dist/tex/latex/adjustbox/adjcalc.sty
Package: adjcalc 2012/05/16 v1.1 Provides advanced setlength with multiple back
-ends (calc, etex, pgfmath)
)
(/usr/local/texlive/2015/texmf-dist/tex/latex/adjustbox/trimclip.sty
Package: trimclip 2012/05/16 v1.0 Trim and clip general TeX material

(/usr/local/texlive/2015/texmf-dist/tex/latex/collectbox/collectbox.sty
Package: collectbox 2012/05/17 v0.4b Collect macro arguments as boxes
\collectedbox=\box39
)
\tc@llx=\dimen141
\tc@lly=\dimen142
\tc@urx=\dimen143
\tc@ury=\dimen144
Package trimclip Info: Using driver 'tc-pdftex.def'.

(/usr/local/texlive/2015/texmf-dist/tex/latex/adjustbox/tc-pdftex.def
File: tc-pdftex.def 2012/05/13 v1.0 Clipping driver for pdftex
))
\adjbox@Width=\dimen145
\adjbox@Height=\dimen146
\adjbox@Depth=\dimen147
\adjbox@Totalheight=\dimen148

(/usr/local/texlive/2015/texmf-dist/tex/latex/ifoddpage/ifoddpage.sty
Package: ifoddpage 2011/09/13 v1.0 Conditionals for odd/even page detection
\c@checkoddpage=\count125
)
(/usr/local/texlive/2015/texmf-dist/tex/latex/varwidth/varwidth.sty
Package: varwidth 2009/03/30 ver 0.92;  Variable-width minipages
\@vwid@box=\box40
\sift@deathcycles=\count126
\@vwid@loff=\dimen149
\@vwid@roff=\dimen150
))
(/usr/local/texlive/2015/texmf-dist/tex/latex/xcolor/xcolor.sty
Package: xcolor 2007/01/21 v2.11 LaTeX color extensions (UK)

(/usr/local/texlive/2015/texmf-dist/tex/latex/latexconfig/color.cfg
File: color.cfg 2007/01/18 v1.5 color configuration of teTeX/TeXLive
)
Package xcolor Info: Driver file: pdftex.def on input line 225.
LaTeX Info: Redefining \color on input line 702.
\rownum=\count127
Package xcolor Info: Model `cmy' substituted by `cmy0' on input line 1337.
Package xcolor Info: Model `hsb' substituted by `rgb' on input line 1341.
Package xcolor Info: Model `RGB' extended on input line 1353.
Package xcolor Info: Model `HTML' substituted by `rgb' on input line 1355.
Package xcolor Info: Model `Hsb' substituted by `hsb' on input line 1356.
Package xcolor Info: Model `tHsb' substituted by `hsb' on input line 1357.
Package xcolor Info: Model `HSB' substituted by `hsb' on input line 1358.
Package xcolor Info: Model `Gray' substituted by `gray' on input line 1359.
Package xcolor Info: Model `wave' substituted by `hsb' on input line 1360.
)
(/usr/local/texlive/2015/texmf-dist/tex/latex/blindtext/blindtext.sty
Package: blindtext 2012/01/06 V2.0 blindtext-Package

(/usr/local/texlive/2015/texmf-dist/tex/latex/tools/xspace.sty
Package: xspace 2014/10/28 v1.13 Space after command names (DPC,MH)
)
\c@blindtext=\count128
\c@Blindtext=\count129
\c@blind@countparstart=\count130
\blind@countxx=\count131
\blindtext@numBlindtext=\count132
\blind@countyy=\count133
\c@blindlist=\count134
\c@blindlistlevel=\count135
\c@blindlist@level=\count136
\blind@listitem=\count137
\c@blind@listcount=\count138
\c@blind@levelcount=\count139
\blind@mathformula=\count140
\blind@Mathformula=\count141
\c@blind@randomcount=\count142
\c@blind@randommax=\count143
\c@blind@pangramcount=\count144
\c@blind@pangrammax=\count145
)
(/usr/local/texlive/2015/texmf-dist/tex/latex/cite/cite.sty
LaTeX Info: Redefining \cite on input line 302.
LaTeX Info: Redefining \nocite on input line 332.
Package: cite 2015/02/27  v 5.5
)
(/usr/local/texlive/2015/texmf-dist/tex/latex/amsmath/amsmath.sty
Package: amsmath 2013/01/14 v2.14 AMS math features
\@mathmargin=\skip60

For additional information on amsmath, use the `?' option.
(/usr/local/texlive/2015/texmf-dist/tex/latex/amsmath/amstext.sty
Package: amstext 2000/06/29 v2.01

(/usr/local/texlive/2015/texmf-dist/tex/latex/amsmath/amsgen.sty
File: amsgen.sty 1999/11/30 v2.0
\@emptytoks=\toks30
\ex@=\dimen151
))
(/usr/local/texlive/2015/texmf-dist/tex/latex/amsmath/amsbsy.sty
Package: amsbsy 1999/11/29 v1.2d
\pmbraise@=\dimen152
)
(/usr/local/texlive/2015/texmf-dist/tex/latex/amsmath/amsopn.sty
Package: amsopn 1999/12/14 v2.01 operator names
)
\inf@bad=\count146
LaTeX Info: Redefining \frac on input line 210.
\uproot@=\count147
\leftroot@=\count148
LaTeX Info: Redefining \overline on input line 306.
\classnum@=\count149
\DOTSCASE@=\count150
LaTeX Info: Redefining \ldots on input line 378.
LaTeX Info: Redefining \dots on input line 381.
LaTeX Info: Redefining \cdots on input line 466.
\Mathstrutbox@=\box41
\strutbox@=\box42
\big@size=\dimen153
LaTeX Font Info:    Redeclaring font encoding OML on input line 566.
LaTeX Font Info:    Redeclaring font encoding OMS on input line 567.


Package amsmath Warning: Unable to redefine math accent \vec.

\macc@depth=\count151
\c@MaxMatrixCols=\count152
\dotsspace@=\muskip10
\c@parentequation=\count153
\dspbrk@lvl=\count154
\tag@help=\toks31
\row@=\count155
\column@=\count156
\maxfields@=\count157
\andhelp@=\toks32
\eqnshift@=\dimen154
\alignsep@=\dimen155
\tagshift@=\dimen156
\tagwidth@=\dimen157
\totwidth@=\dimen158
\lineht@=\dimen159
\@envbody=\toks33
\multlinegap=\skip61
\multlinetaggap=\skip62
\mathdisplay@stack=\toks34
LaTeX Info: Redefining \[ on input line 2665.
LaTeX Info: Redefining \] on input line 2666.
) (/usr/local/texlive/2015/texmf-dist/tex/latex/inconsolata/inconsolata.sty
Package: inconsolata 2014/06/22 v1.05

`inconsolata-zi4' v1.05, 2014/06/22 Text macros for Inconsolata (msharpe)
(/usr/local/texlive/2015/texmf-dist/tex/latex/base/textcomp.sty
Package: textcomp 2005/09/27 v1.99g Standard LaTeX package
Package textcomp Info: Sub-encoding information:
(textcomp)               5 = only ISO-Adobe without \textcurrency
(textcomp)               4 = 5 + \texteuro
(textcomp)               3 = 4 + \textohm
(textcomp)               2 = 3 + \textestimated + \textcurrency
(textcomp)               1 = TS1 - \textcircled - \t
(textcomp)               0 = TS1 (full)
(textcomp)             Font families with sub-encoding setting implement
(textcomp)             only a restricted character set as indicated.
(textcomp)             Family '?' is the default used for unknown fonts.
(textcomp)             See the documentation for details.
Package textcomp Info: Setting ? sub-encoding to TS1/1 on input line 79.

(/usr/local/texlive/2015/texmf-dist/tex/latex/base/ts1enc.def
File: ts1enc.def 2001/06/05 v3.0e (jk/car/fm) Standard LaTeX file
LaTeX Font Info:    Redeclaring font encoding TS1 on input line 47.
)
LaTeX Info: Redefining \oldstylenums on input line 334.
Package textcomp Info: Setting cmr sub-encoding to TS1/0 on input line 349.
Package textcomp Info: Setting cmss sub-encoding to TS1/0 on input line 350.
Package textcomp Info: Setting cmtt sub-encoding to TS1/0 on input line 351.
Package textcomp Info: Setting cmvtt sub-encoding to TS1/0 on input line 352.
Package textcomp Info: Setting cmbr sub-encoding to TS1/0 on input line 353.
Package textcomp Info: Setting cmtl sub-encoding to TS1/0 on input line 354.
Package textcomp Info: Setting ccr sub-encoding to TS1/0 on input line 355.
Package textcomp Info: Setting ptm sub-encoding to TS1/4 on input line 356.
Package textcomp Info: Setting pcr sub-encoding to TS1/4 on input line 357.
Package textcomp Info: Setting phv sub-encoding to TS1/4 on input line 358.
Package textcomp Info: Setting ppl sub-encoding to TS1/3 on input line 359.
Package textcomp Info: Setting pag sub-encoding to TS1/4 on input line 360.
Package textcomp Info: Setting pbk sub-encoding to TS1/4 on input line 361.
Package textcomp Info: Setting pnc sub-encoding to TS1/4 on input line 362.
Package textcomp Info: Setting pzc sub-encoding to TS1/4 on input line 363.
Package textcomp Info: Setting bch sub-encoding to TS1/4 on input line 364.
Package textcomp Info: Setting put sub-encoding to TS1/5 on input line 365.
Package textcomp Info: Setting uag sub-encoding to TS1/5 on input line 366.
Package textcomp Info: Setting ugq sub-encoding to TS1/5 on input line 367.
Package textcomp Info: Setting ul8 sub-encoding to TS1/4 on input line 368.
Package textcomp Info: Setting ul9 sub-encoding to TS1/4 on input line 369.
Package textcomp Info: Setting augie sub-encoding to TS1/5 on input line 370.
Package textcomp Info: Setting dayrom sub-encoding to TS1/3 on input line 371.
Package textcomp Info: Setting dayroms sub-encoding to TS1/3 on input line 372.

Package textcomp Info: Setting pxr sub-encoding to TS1/0 on input line 373.
Package textcomp Info: Setting pxss sub-encoding to TS1/0 on input line 374.
Package textcomp Info: Setting pxtt sub-encoding to TS1/0 on input line 375.
Package textcomp Info: Setting txr sub-encoding to TS1/0 on input line 376.
Package textcomp Info: Setting txss sub-encoding to TS1/0 on input line 377.
Package textcomp Info: Setting txtt sub-encoding to TS1/0 on input line 378.
Package textcomp Info: Setting lmr sub-encoding to TS1/0 on input line 379.
Package textcomp Info: Setting lmdh sub-encoding to TS1/0 on input line 380.
Package textcomp Info: Setting lmss sub-encoding to TS1/0 on input line 381.
Package textcomp Info: Setting lmssq sub-encoding to TS1/0 on input line 382.
Package textcomp Info: Setting lmvtt sub-encoding to TS1/0 on input line 383.
Package textcomp Info: Setting lmtt sub-encoding to TS1/0 on input line 384.
Package textcomp Info: Setting qhv sub-encoding to TS1/0 on input line 385.
Package textcomp Info: Setting qag sub-encoding to TS1/0 on input line 386.
Package textcomp Info: Setting qbk sub-encoding to TS1/0 on input line 387.
Package textcomp Info: Setting qcr sub-encoding to TS1/0 on input line 388.
Package textcomp Info: Setting qcs sub-encoding to TS1/0 on input line 389.
Package textcomp Info: Setting qpl sub-encoding to TS1/0 on input line 390.
Package textcomp Info: Setting qtm sub-encoding to TS1/0 on input line 391.
Package textcomp Info: Setting qzc sub-encoding to TS1/0 on input line 392.
Package textcomp Info: Setting qhvc sub-encoding to TS1/0 on input line 393.
Package textcomp Info: Setting futs sub-encoding to TS1/4 on input line 394.
Package textcomp Info: Setting futx sub-encoding to TS1/4 on input line 395.
Package textcomp Info: Setting futj sub-encoding to TS1/4 on input line 396.
Package textcomp Info: Setting hlh sub-encoding to TS1/3 on input line 397.
Package textcomp Info: Setting hls sub-encoding to TS1/3 on input line 398.
Package textcomp Info: Setting hlst sub-encoding to TS1/3 on input line 399.
Package textcomp Info: Setting hlct sub-encoding to TS1/5 on input line 400.
Package textcomp Info: Setting hlx sub-encoding to TS1/5 on input line 401.
Package textcomp Info: Setting hlce sub-encoding to TS1/5 on input line 402.
Package textcomp Info: Setting hlcn sub-encoding to TS1/5 on input line 403.
Package textcomp Info: Setting hlcw sub-encoding to TS1/5 on input line 404.
Package textcomp Info: Setting hlcf sub-encoding to TS1/5 on input line 405.
Package textcomp Info: Setting pplx sub-encoding to TS1/3 on input line 406.
Package textcomp Info: Setting pplj sub-encoding to TS1/3 on input line 407.
Package textcomp Info: Setting ptmx sub-encoding to TS1/4 on input line 408.
Package textcomp Info: Setting ptmj sub-encoding to TS1/4 on input line 409.
)
\zifour@ocount=\count158
)
(/usr/local/texlive/2015/texmf-dist/tex/latex/url/url.sty
\Urlmuskip=\muskip11
Package: url 2013/09/16  ver 3.4  Verb mode for urls, etc.
) (./paper.aux)
\openout1 = `paper.aux'.

LaTeX Font Info:    Checking defaults for OML/cmm/m/it on input line 165.
LaTeX Font Info:    ... okay on input line 165.
LaTeX Font Info:    Checking defaults for T1/cmr/m/n on input line 165.
LaTeX Font Info:    ... okay on input line 165.
LaTeX Font Info:    Checking defaults for OT1/cmr/m/n on input line 165.
LaTeX Font Info:    ... okay on input line 165.
LaTeX Font Info:    Checking defaults for OMS/cmsy/m/n on input line 165.
LaTeX Font Info:    ... okay on input line 165.
LaTeX Font Info:    Checking defaults for OMX/cmex/m/n on input line 165.
LaTeX Font Info:    ... okay on input line 165.
LaTeX Font Info:    Checking defaults for U/cmr/m/n on input line 165.
LaTeX Font Info:    ... okay on input line 165.
LaTeX Font Info:    Checking defaults for TS1/cmr/m/n on input line 165.
LaTeX Font Info:    ... okay on input line 165.

Unknown journal: specify \journalname{<name of your journal>} in preambel

(/usr/local/texlive/2015/texmf-dist/tex/context/base/supp-pdf.mkii
[Loading MPS to PDF converter (version 2006.09.02).]
\scratchcounter=\count159
\scratchdimen=\dimen160
\scratchbox=\box43
\nofMPsegments=\count160
\nofMParguments=\count161
\everyMPshowfont=\toks35
\MPscratchCnt=\count162
\MPscratchDim=\dimen161
\MPnumerator=\count163
\makeMPintoPDFobject=\count164
\everyMPtoPDFconversion=\toks36
)
\c@lstlisting=\count165
Package caption Info: Begin \AtBeginDocument code.
Package caption Info: subfig package v1.3 is loaded.
Package caption Info: float package is loaded.
Package caption Info: End \AtBeginDocument code.
 (/usr/local/texlive/2015/texmf-dist/tex/latex/upquote/upquote.sty
Package: upquote 2012/04/19 v1.3 upright-quote and grave-accent glyphs in verba
tim
)
SVJour3 warning: Missing \journalname
LaTeX Font Info:    Calculating math sizes for size <9.5> on input line 199.

LaTeX Font Warning: Font shape `OMX/cmex/m/n' in size <9.5> not available
(Font)              size <9> substituted on input line 199.

(./abstract.tex [1{/usr/local/texlive/2015/texmf-var/fonts/map/pdftex/updmap/pd
ftex.map}]) (./intro.tex [2] [3]) (./background.tex [4]
LaTeX Font Info:    Try loading font information for OT1+zi4 on input line 10.

(/usr/local/texlive/2015/texmf-dist/tex/latex/inconsolata/ot1zi4.fd
File: ot1zi4.fd 2014/06/22 OT1/zi4 (Inconsolata)
)
LaTeX Font Info:    Try loading font information for TS1+zi4 on input line 11.

(/usr/local/texlive/2015/texmf-dist/tex/latex/inconsolata/ts1zi4.fd
File: ts1zi4.fd 2014/06/22 Fontinst v1.933 font definitions for TS1/zi4.
)
LaTeX Font Info:    Font shape `OT1/zi4/bx/n' in size <5> not available
(Font)              Font shape `OT1/zi4/b/n' tried instead on input line 28.
 [5]
[6] [7] [8]) (./setup.tex
Underfull \hbox (badness 10000) in paragraph at lines 28--28
[]|\OT1/cmr/bx/n/7 # Con-
 []


Underfull \hbox (badness 5374) in paragraph at lines 28--28
[]|\OT1/cmr/bx/n/7 Project start
 []


Underfull \hbox (badness 10000) in paragraph at lines 28--28
[]|\OT1/cmr/m/n/7 HTTP client
 []


Underfull \hbox (badness 10000) in paragraph at lines 28--28
[]|\OT1/cmr/m/n/7 CSS pre-
 []


Underfull \hbox (badness 10000) in paragraph at lines 28--28
[]|\OT1/cmr/m/n/7 Package man-
 []


Underfull \hbox (badness 10000) in paragraph at lines 28--28
[]|\OT1/cmr/m/n/7 JavaScript
 []


Underfull \hbox (badness 10000) in paragraph at lines 28--28
[]|\OT1/cmr/m/n/7 JavaScript
 []


Underfull \hbox (badness 10000) in paragraph at lines 28--28
[]|\OT1/cmr/m/n/7 JavaScript
 []


Underfull \hbox (badness 10000) in paragraph at lines 28--28
[]|\OT1/cmr/m/n/7 JavaScript
 []


Underfull \hbox (badness 10000) in paragraph at lines 28--28
[]|\OT1/cmr/m/n/7 JavaScript
 []


Underfull \hbox (badness 10000) in paragraph at lines 28--28
[]|\OT1/cmr/m/n/7 JavaScript
 []


Underfull \hbox (badness 10000) in paragraph at lines 28--28
[]|\OT1/cmr/m/n/7 Streaming
 []


Underfull \hbox (badness 10000) in paragraph at lines 28--28
[]|\OT1/cmr/m/n/7 Component-
 []

[9] [10]) [11]
Underfull \vbox (badness 1496) has occurred while \output is active []

 [12]
(./extraction.tex <pdfs/total.pdf, id=53, 1115.16624pt x 172.645pt>
File: pdfs/total.pdf Graphic file (type pdf)

<use pdfs/total.pdf>
Package pdftex.def Info: pdfs/total.pdf used on input line 7.
(pdftex.def)             Requested size: 334.55246pt x 51.79388pt.
 <pdfs/total2.pdf, id=54, 1115.16624pt x 172.645pt>
File: pdfs/total2.pdf Graphic file (type pdf)

<use pdfs/total2.pdf>
Package pdftex.def Info: pdfs/total2.pdf used on input line 15.
(pdftex.def)             Requested size: 334.55246pt x 51.79388pt.
 <pdfs/total3.pdf, id=55, 1119.18124pt x 103.38625pt>
File: pdfs/total3.pdf Graphic file (type pdf)

<use pdfs/total3.pdf>
Package pdftex.def Info: pdfs/total3.pdf used on input line 23.
(pdftex.def)             Requested size: 335.75696pt x 31.0161pt.
 [13 <./pdfs/total.pdf> <./pdfs/total2.pdf>]
Underfull \hbox (badness 10000) in paragraph at lines 31--32

 []


Underfull \hbox (badness 10000) in paragraph at lines 34--35

 []

[14 <./pdfs/total3.pdf>]
Underfull \hbox (badness 1688) in paragraph at lines 61--61
[]|\OT1/cmr/m/n/7 The unique-ness of vari-ables in same
 []


Underfull \vbox (badness 3271) has occurred while \output is active []

 [15])
(./survival.tex [16] [17]) (./case-study.tex
<pdfs/Express_bugs_smells_file-grain_rplot.jpg, id=199, 481.8pt x 481.8pt>
File: pdfs/Express_bugs_smells_file-grain_rplot.jpg Graphic file (type jpg)

<use pdfs/Express_bugs_smells_file-grain_rplot.jpg>
Package pdftex.def Info: pdfs/Express_bugs_smells_file-grain_rplot.jpg used on 
input line 14.
(pdftex.def)             Requested size: 99.58464pt x 99.57831pt.

<pdfs/Request_bugs_smells_file-grain_rplot.jpg, id=200, 481.8pt x 481.8pt>
File: pdfs/Request_bugs_smells_file-grain_rplot.jpg Graphic file (type jpg)

<use pdfs/Request_bugs_smells_file-grain_rplot.jpg>
Package pdftex.def Info: pdfs/Request_bugs_smells_file-grain_rplot.jpg used on 
input line 17.
(pdftex.def)             Requested size: 99.58464pt x 99.57831pt.

<pdfs/Less_bugs_smells_file-grain_rplot.jpg, id=201, 481.8pt x 481.8pt>
File: pdfs/Less_bugs_smells_file-grain_rplot.jpg Graphic file (type jpg)

<use pdfs/Less_bugs_smells_file-grain_rplot.jpg>
Package pdftex.def Info: pdfs/Less_bugs_smells_file-grain_rplot.jpg used on inp
ut line 20.
(pdftex.def)             Requested size: 99.58464pt x 99.57831pt.

<pdfs/Grunt_bugs_smells_file-grain_rplot.jpg, id=202, 481.8pt x 481.8pt>
File: pdfs/Grunt_bugs_smells_file-grain_rplot.jpg Graphic file (type jpg)

<use pdfs/Grunt_bugs_smells_file-grain_rplot.jpg>
Package pdftex.def Info: pdfs/Grunt_bugs_smells_file-grain_rplot.jpg used on in
put line 23.
(pdftex.def)             Requested size: 99.58464pt x 99.57831pt.

<pdfs/Bower_bugs_smells_file-grain_rplot.jpg, id=203, 481.8pt x 481.8pt>
File: pdfs/Bower_bugs_smells_file-grain_rplot.jpg Graphic file (type jpg)

<use pdfs/Bower_bugs_smells_file-grain_rplot.jpg>
Package pdftex.def Info: pdfs/Bower_bugs_smells_file-grain_rplot.jpg used on in
put line 26.
(pdftex.def)             Requested size: 99.58464pt x 99.57831pt.

<pdfs/Jquery_bugs_smells_file-grain_rplot.jpg, id=204, 481.8pt x 481.8pt>
File: pdfs/Jquery_bugs_smells_file-grain_rplot.jpg Graphic file (type jpg)

<use pdfs/Jquery_bugs_smells_file-grain_rplot.jpg>
Package pdftex.def Info: pdfs/Jquery_bugs_smells_file-grain_rplot.jpg used on i
nput line 29.
(pdftex.def)             Requested size: 99.58464pt x 99.57831pt.

<pdfs/Hexo_bugs_smells_file-grain_rplot.jpg, id=205, 481.8pt x 481.8pt>
File: pdfs/Hexo_bugs_smells_file-grain_rplot.jpg Graphic file (type jpg)

<use pdfs/Hexo_bugs_smells_file-grain_rplot.jpg>
Package pdftex.def Info: pdfs/Hexo_bugs_smells_file-grain_rplot.jpg used on inp
ut line 32.
(pdftex.def)             Requested size: 99.58464pt x 99.57831pt.

<pdfs/Leaflet_bugs_smells_file-grain_rplot.jpg, id=206, 481.8pt x 481.8pt>
File: pdfs/Leaflet_bugs_smells_file-grain_rplot.jpg Graphic file (type jpg)

<use pdfs/Leaflet_bugs_smells_file-grain_rplot.jpg>
Package pdftex.def Info: pdfs/Leaflet_bugs_smells_file-grain_rplot.jpg used on 
input line 35.
(pdftex.def)             Requested size: 99.58464pt x 99.57831pt.

<pdfs/Ramda_bugs_smells_file-grain_rplot.jpg, id=207, 481.8pt x 481.8pt>
File: pdfs/Ramda_bugs_smells_file-grain_rplot.jpg Graphic file (type jpg)

<use pdfs/Ramda_bugs_smells_file-grain_rplot.jpg>
Package pdftex.def Info: pdfs/Ramda_bugs_smells_file-grain_rplot.jpg used on in
put line 38.
(pdftex.def)             Requested size: 99.58464pt x 99.57831pt.

<pdfs/Chart_bugs_smells_file-grain_rplot.jpg, id=208, 481.8pt x 481.8pt>
File: pdfs/Chart_bugs_smells_file-grain_rplot.jpg Graphic file (type jpg)

<use pdfs/Chart_bugs_smells_file-grain_rplot.jpg>
Package pdftex.def Info: pdfs/Chart_bugs_smells_file-grain_rplot.jpg used on in
put line 41.
(pdftex.def)             Requested size: 99.58464pt x 99.57831pt.

<pdfs/Riot_bugs_smells_file-grain_rplot.jpg, id=209, 481.8pt x 481.8pt>
File: pdfs/Riot_bugs_smells_file-grain_rplot.jpg Graphic file (type jpg)

<use pdfs/Riot_bugs_smells_file-grain_rplot.jpg>
Package pdftex.def Info: pdfs/Riot_bugs_smells_file-grain_rplot.jpg used on inp
ut line 44.
(pdftex.def)             Requested size: 99.58464pt x 99.57831pt.

<pdfs/Vue_bugs_smells_file-grain_rplot.jpg, id=210, 481.8pt x 481.8pt>
File: pdfs/Vue_bugs_smells_file-grain_rplot.jpg Graphic file (type jpg)

<use pdfs/Vue_bugs_smells_file-grain_rplot.jpg>
Package pdftex.def Info: pdfs/Vue_bugs_smells_file-grain_rplot.jpg used on inpu
t line 47.
(pdftex.def)             Requested size: 99.58464pt x 99.57831pt.

<pdfs/Moment_bugs_smells_file-grain_rplot.jpg, id=211, 481.8pt x 481.8pt>
File: pdfs/Moment_bugs_smells_file-grain_rplot.jpg Graphic file (type jpg)

<use pdfs/Moment_bugs_smells_file-grain_rplot.jpg>
Package pdftex.def Info: pdfs/Moment_bugs_smells_file-grain_rplot.jpg used on i
nput line 50.
(pdftex.def)             Requested size: 99.58464pt x 99.57831pt.

<pdfs/Webpack_bugs_smells_file-grain_rplot.jpg, id=212, 481.8pt x 481.8pt>
File: pdfs/Webpack_bugs_smells_file-grain_rplot.jpg Graphic file (type jpg)

<use pdfs/Webpack_bugs_smells_file-grain_rplot.jpg>
Package pdftex.def Info: pdfs/Webpack_bugs_smells_file-grain_rplot.jpg used on 
input line 53.
(pdftex.def)             Requested size: 99.58464pt x 99.57831pt.

<pdfs/Webtorrent_bugs_smells_file-grain_rplot.jpg, id=213, 481.8pt x 481.8pt>
File: pdfs/Webtorrent_bugs_smells_file-grain_rplot.jpg Graphic file (type jpg)

<use pdfs/Webtorrent_bugs_smells_file-grain_rplot.jpg>
Package pdftex.def Info: pdfs/Webtorrent_bugs_smells_file-grain_rplot.jpg used 
on input line 56.
(pdftex.def)             Requested size: 99.58464pt x 99.57831pt.


LaTeX Warning: Float too large for page by 42.77689pt on input line 59.


Underfull \hbox (badness 5064) in paragraph at lines 68--68
[]|$\OML/cmm/m/it/7 p$\OT1/cmr/m/n/7 -value (Pro-por-tional haz-ards
 []


<pdfs/Express_bugs_smells_line-grain_large_rplot.jpg, id=214, 481.8pt x 481.8pt
>
File: pdfs/Express_bugs_smells_line-grain_large_rplot.jpg Graphic file (type jp
g)
 <use pdfs/Express_bugs_smells_line-grain_large_rplot.jpg>
Package pdftex.def Info: pdfs/Express_bugs_smells_line-grain_large_rplot.jpg us
ed on input line 92.
(pdftex.def)             Requested size: 99.58464pt x 99.57831pt.

<pdfs/Request_bugs_smells_line-grain_large_rplot.jpg, id=215, 481.8pt x 481.8pt
>
File: pdfs/Request_bugs_smells_line-grain_large_rplot.jpg Graphic file (type jp
g)
 <use pdfs/Request_bugs_smells_line-grain_large_rplot.jpg>
Package pdftex.def Info: pdfs/Request_bugs_smells_line-grain_large_rplot.jpg us
ed on input line 95.
(pdftex.def)             Requested size: 99.58464pt x 99.57831pt.

<pdfs/Less_bugs_smells_line-grain_large_rplot.jpg, id=216, 481.8pt x 481.8pt>
File: pdfs/Less_bugs_smells_line-grain_large_rplot.jpg Graphic file (type jpg)

<use pdfs/Less_bugs_smells_line-grain_large_rplot.jpg>
Package pdftex.def Info: pdfs/Less_bugs_smells_line-grain_large_rplot.jpg used 
on input line 98.
(pdftex.def)             Requested size: 99.58464pt x 99.57831pt.

<pdfs/Grunt_bugs_smells_line-grain_large_rplot.jpg, id=217, 481.8pt x 481.8pt>
File: pdfs/Grunt_bugs_smells_line-grain_large_rplot.jpg Graphic file (type jpg)


<use pdfs/Grunt_bugs_smells_line-grain_large_rplot.jpg>
Package pdftex.def Info: pdfs/Grunt_bugs_smells_line-grain_large_rplot.jpg used
 on input line 101.
(pdftex.def)             Requested size: 99.58464pt x 99.57831pt.

<pdfs/Bower_bugs_smells_line-grain_large_rplot.jpg, id=218, 481.8pt x 481.8pt>
File: pdfs/Bower_bugs_smells_line-grain_large_rplot.jpg Graphic file (type jpg)


<use pdfs/Bower_bugs_smells_line-grain_large_rplot.jpg>
Package pdftex.def Info: pdfs/Bower_bugs_smells_line-grain_large_rplot.jpg used
 on input line 104.
(pdftex.def)             Requested size: 99.58464pt x 99.57831pt.

<pdfs/Jquery_bugs_smells_line-grain_large_rplot.jpg, id=219, 481.8pt x 481.8pt>
File: pdfs/Jquery_bugs_smells_line-grain_large_rplot.jpg Graphic file (type jpg
)
<use pdfs/Jquery_bugs_smells_line-grain_large_rplot.jpg>
Package pdftex.def Info: pdfs/Jquery_bugs_smells_line-grain_large_rplot.jpg use
d on input line 107.
(pdftex.def)             Requested size: 99.58464pt x 99.57831pt.

<pdfs/Hexo_bugs_smells_line-grain_large_rplot.jpg, id=220, 481.8pt x 481.8pt>
File: pdfs/Hexo_bugs_smells_line-grain_large_rplot.jpg Graphic file (type jpg)

<use pdfs/Hexo_bugs_smells_line-grain_large_rplot.jpg>
Package pdftex.def Info: pdfs/Hexo_bugs_smells_line-grain_large_rplot.jpg used 
on input line 110.
(pdftex.def)             Requested size: 99.58464pt x 99.57831pt.

<pdfs/Leaflet_bugs_smells_line-grain_large_rplot.jpg, id=221, 481.8pt x 481.8pt
>
File: pdfs/Leaflet_bugs_smells_line-grain_large_rplot.jpg Graphic file (type jp
g)
 <use pdfs/Leaflet_bugs_smells_line-grain_large_rplot.jpg>
Package pdftex.def Info: pdfs/Leaflet_bugs_smells_line-grain_large_rplot.jpg us
ed on input line 113.
(pdftex.def)             Requested size: 99.58464pt x 99.57831pt.

<pdfs/Ramda_bugs_smells_line-grain_large_rplot.jpg, id=222, 481.8pt x 481.8pt>
File: pdfs/Ramda_bugs_smells_line-grain_large_rplot.jpg Graphic file (type jpg)


<use pdfs/Ramda_bugs_smells_line-grain_large_rplot.jpg>
Package pdftex.def Info: pdfs/Ramda_bugs_smells_line-grain_large_rplot.jpg used
 on input line 116.
(pdftex.def)             Requested size: 99.58464pt x 99.57831pt.

<pdfs/Chart_bugs_smells_line-grain_large_rplot.jpg, id=223, 481.8pt x 481.8pt>
File: pdfs/Chart_bugs_smells_line-grain_large_rplot.jpg Graphic file (type jpg)


<use pdfs/Chart_bugs_smells_line-grain_large_rplot.jpg>
Package pdftex.def Info: pdfs/Chart_bugs_smells_line-grain_large_rplot.jpg used
 on input line 119.
(pdftex.def)             Requested size: 99.58464pt x 99.57831pt.

<pdfs/Riot_bugs_smells_line-grain_large_rplot.jpg, id=224, 481.8pt x 481.8pt>
File: pdfs/Riot_bugs_smells_line-grain_large_rplot.jpg Graphic file (type jpg)

<use pdfs/Riot_bugs_smells_line-grain_large_rplot.jpg>
Package pdftex.def Info: pdfs/Riot_bugs_smells_line-grain_large_rplot.jpg used 
on input line 122.
(pdftex.def)             Requested size: 99.58464pt x 99.57831pt.

<pdfs/Vue_bugs_smells_line-grain_large_rplot.jpg, id=225, 481.8pt x 481.8pt>
File: pdfs/Vue_bugs_smells_line-grain_large_rplot.jpg Graphic file (type jpg)

<use pdfs/Vue_bugs_smells_line-grain_large_rplot.jpg>
Package pdftex.def Info: pdfs/Vue_bugs_smells_line-grain_large_rplot.jpg used o
n input line 125.
(pdftex.def)             Requested size: 99.58464pt x 99.57831pt.

<pdfs/Moment_bugs_smells_line-grain_large_rplot.jpg, id=226, 481.8pt x 481.8pt>
File: pdfs/Moment_bugs_smells_line-grain_large_rplot.jpg Graphic file (type jpg
)
<use pdfs/Moment_bugs_smells_line-grain_large_rplot.jpg>
Package pdftex.def Info: pdfs/Moment_bugs_smells_line-grain_large_rplot.jpg use
d on input line 128.
(pdftex.def)             Requested size: 99.58464pt x 99.57831pt.

<pdfs/Webpack_bugs_smells_line-grain_large_rplot.jpg, id=227, 481.8pt x 481.8pt
>
File: pdfs/Webpack_bugs_smells_line-grain_large_rplot.jpg Graphic file (type jp
g)
 <use pdfs/Webpack_bugs_smells_line-grain_large_rplot.jpg>
Package pdftex.def Info: pdfs/Webpack_bugs_smells_line-grain_large_rplot.jpg us
ed on input line 131.
(pdftex.def)             Requested size: 99.58464pt x 99.57831pt.

<pdfs/Webtorrent_bugs_smells_line-grain_large_rplot.jpg, id=228, 481.8pt x 481.
8pt>
File: pdfs/Webtorrent_bugs_smells_line-grain_large_rplot.jpg Graphic file (type
 jpg)
 <use pdfs/Webtorrent_bugs_smells_line-grain_large_rplot.jpg>
Package pdftex.def Info: pdfs/Webtorrent_bugs_smells_line-grain_large_rplot.jpg
 used on input line 134.
(pdftex.def)             Requested size: 99.58464pt x 99.57831pt.


LaTeX Warning: Float too large for page by 42.77689pt on input line 137.

[18] [19 <./pdfs/Express_bugs_smells_file-grain_rplot.jpg> <./pdfs/Request_bugs
_smells_file-grain_rplot.jpg> <./pdfs/Less_bugs_smells_file-grain_rplot.jpg> <.
/pdfs/Grunt_bugs_smells_file-grain_rplot.jpg> <./pdfs/Bower_bugs_smells_file-gr
ain_rplot.jpg> <./pdfs/Jquery_bugs_smells_file-grain_rplot.jpg> <./pdfs/Hexo_bu
gs_smells_file-grain_rplot.jpg> <./pdfs/Leaflet_bugs_smells_file-grain_rplot.jp
g> <./pdfs/Ramda_bugs_smells_file-grain_rplot.jpg> <./pdfs/Chart_bugs_smells_fi
le-grain_rplot.jpg> <./pdfs/Riot_bugs_smells_file-grain_rplot.jpg> <./pdfs/Vue_
bugs_smells_file-grain_rplot.jpg> <./pdfs/Moment_bugs_smells_file-grain_rplot.j
pg> <./pdfs/Webpack_bugs_smells_file-grain_rplot.jpg> <./pdfs/Webtorrent_bugs_s
mells_file-grain_rplot.jpg>] [20 <./pdfs/Express_bugs_smells_line-grain_large_r
plot.jpg> <./pdfs/Request_bugs_smells_line-grain_large_rplot.jpg> <./pdfs/Less_
bugs_smells_line-grain_large_rplot.jpg> <./pdfs/Grunt_bugs_smells_line-grain_la
rge_rplot.jpg> <./pdfs/Bower_bugs_smells_line-grain_large_rplot.jpg> <./pdfs/Jq
uery_bugs_smells_line-grain_large_rplot.jpg> <./pdfs/Hexo_bugs_smells_line-grai
n_large_rplot.jpg> <./pdfs/Leaflet_bugs_smells_line-grain_large_rplot.jpg> <./p
dfs/Ramda_bugs_smells_line-grain_large_rplot.jpg> <./pdfs/Chart_bugs_smells_lin
e-grain_large_rplot.jpg> <./pdfs/Riot_bugs_smells_line-grain_large_rplot.jpg> <
./pdfs/Vue_bugs_smells_line-grain_large_rplot.jpg> <./pdfs/Moment_bugs_smells_l
ine-grain_large_rplot.jpg> <./pdfs/Webpack_bugs_smells_line-grain_large_rplot.j
pg> <./pdfs/Webtorrent_bugs_smells_line-grain_large_rplot.jpg>] [21]
<pdfs/linkExpress.pdf, id=244, 505.89pt x 505.89pt>
File: pdfs/linkExpress.pdf Graphic file (type pdf)
 <use pdfs/linkExpress.pdf>
Package pdftex.def Info: pdfs/linkExpress.pdf used on input line 163.
(pdftex.def)             Requested size: 173.5pt x 173.49785pt.

<pdfs/linkTotalChurnGrunt.pdf, id=245, 505.89pt x 505.89pt>
File: pdfs/linkTotalChurnGrunt.pdf Graphic file (type pdf)

<use pdfs/linkTotalChurnGrunt.pdf>
Package pdftex.def Info: pdfs/linkTotalChurnGrunt.pdf used on input line 166.
(pdftex.def)             Requested size: 173.5pt x 173.49785pt.

Underfull \hbox (badness 10000) in paragraph at lines 229--229
[]|$\OML/cmm/m/it/7 p$\OT1/cmr/m/n/7 -value (Cox
 []


Underfull \hbox (badness 10000) in paragraph at lines 229--229
\OT1/cmr/m/n/7 tional haz-ards
 []


Underfull \hbox (badness 10000) in paragraph at lines 304--304
[]|$\OML/cmm/m/it/7 p$\OT1/cmr/m/n/7 -value (Cox
 []


Underfull \hbox (badness 10000) in paragraph at lines 304--304
\OT1/cmr/m/n/7 tional haz-ards
 []


Underfull \hbox (badness 10000) in paragraph at lines 376--376
[]|$\OML/cmm/m/it/7 p$\OT1/cmr/m/n/7 -value (Cox
 []


Underfull \hbox (badness 10000) in paragraph at lines 376--376
\OT1/cmr/m/n/7 tional haz-ards
 []

[22 <./pdfs/linkExpress.pdf> <./pdfs/linkTotalChurnGrunt.pdf>]
Underfull \vbox (badness 1436) has occurred while \output is active []

 [23]
Underfull \vbox (badness 10000) has occurred while \output is active []

 [24]
Underfull \vbox (badness 2781) has occurred while \output is active []

 [25]
[26]
<pdfs/Express_vulnerabilities_smells_file-grain_rplot.jpg, id=272, 481.8pt x 48
1.8pt>
File: pdfs/Express_vulnerabilities_smells_file-grain_rplot.jpg Graphic file (ty
pe jpg)
 <use pdfs/Express_vulnerabilities_smells_file-grain_rplot.jpg>
Package pdftex.def Info: pdfs/Express_vulnerabilities_smells_file-grain_rplot.j
pg used on input line 478.
(pdftex.def)             Requested size: 113.81102pt x 113.81114pt.

<pdfs/Request_vulnerabilities_smells_file-grain_rplot.jpg, id=273, 481.8pt x 48
1.8pt>
File: pdfs/Request_vulnerabilities_smells_file-grain_rplot.jpg Graphic file (ty
pe jpg)
 <use pdfs/Request_vulnerabilities_smells_file-grain_rplot.jpg>
Package pdftex.def Info: pdfs/Request_vulnerabilities_smells_file-grain_rplot.j
pg used on input line 481.
(pdftex.def)             Requested size: 113.81102pt x 113.81114pt.

<pdfs/Grunt_vulnerabilities_smells_file-grain_rplot.jpg, id=274, 481.8pt x 481.
8pt>
File: pdfs/Grunt_vulnerabilities_smells_file-grain_rplot.jpg Graphic file (type
 jpg)
 <use pdfs/Grunt_vulnerabilities_smells_file-grain_rplot.jpg>
Package pdftex.def Info: pdfs/Grunt_vulnerabilities_smells_file-grain_rplot.jpg
 used on input line 484.
(pdftex.def)             Requested size: 113.81102pt x 113.81114pt.

<pdfs/Bower_vulnerabilities_smells_file-grain_rplot.jpg, id=275, 481.8pt x 481.
8pt>
File: pdfs/Bower_vulnerabilities_smells_file-grain_rplot.jpg Graphic file (type
 jpg)
 <use pdfs/Bower_vulnerabilities_smells_file-grain_rplot.jpg>
Package pdftex.def Info: pdfs/Bower_vulnerabilities_smells_file-grain_rplot.jpg
 used on input line 487.
(pdftex.def)             Requested size: 113.81102pt x 113.81114pt.

<pdfs/Hexo_vulnerabilities_smells_file-grain_rplot.jpg, id=276, 481.8pt x 481.8
pt>
File: pdfs/Hexo_vulnerabilities_smells_file-grain_rplot.jpg Graphic file (type 
jpg)
 <use pdfs/Hexo_vulnerabilities_smells_file-grain_rplot.jpg>
Package pdftex.def Info: pdfs/Hexo_vulnerabilities_smells_file-grain_rplot.jpg 
used on input line 490.
(pdftex.def)             Requested size: 113.81102pt x 113.81114pt.

<pdfs/Riot_vulnerabilities_smells_file-grain_rplot.jpg, id=277, 481.8pt x 481.8
pt>
File: pdfs/Riot_vulnerabilities_smells_file-grain_rplot.jpg Graphic file (type 
jpg)
 <use pdfs/Riot_vulnerabilities_smells_file-grain_rplot.jpg>
Package pdftex.def Info: pdfs/Riot_vulnerabilities_smells_file-grain_rplot.jpg 
used on input line 493.
(pdftex.def)             Requested size: 113.81102pt x 113.81114pt.

<pdfs/Webpack_vulnerabilities_smells_file-grain_rplot.jpg, id=278, 481.8pt x 48
1.8pt>
File: pdfs/Webpack_vulnerabilities_smells_file-grain_rplot.jpg Graphic file (ty
pe jpg)
 <use pdfs/Webpack_vulnerabilities_smells_file-grain_rplot.jpg>
Package pdftex.def Info: pdfs/Webpack_vulnerabilities_smells_file-grain_rplot.j
pg used on input line 496.
(pdftex.def)             Requested size: 113.81102pt x 113.81114pt.

<pdfs/Webtorrent_vulnerabilities_smells_file-grain_rplot.jpg, id=279, 481.8pt x
 481.8pt>
File: pdfs/Webtorrent_vulnerabilities_smells_file-grain_rplot.jpg Graphic file 
(type jpg)
 <use pdfs/Webtorrent_vulnerabilities_smells_file-grain_rplot.jpg>
Package pdftex.def Info: pdfs/Webtorrent_vulnerabilities_smells_file-grain_rplo
t.jpg used on input line 499.
(pdftex.def)             Requested size: 113.81102pt x 113.81114pt.

Underfull \hbox (badness 5064) in paragraph at lines 511--511
[]|$\OML/cmm/m/it/7 p$\OT1/cmr/m/n/7 -value (Pro-por-tional haz-ards
 []


Underfull \hbox (badness 5064) in paragraph at lines 531--531
[]|$\OML/cmm/m/it/7 p$\OT1/cmr/m/n/7 -value (Pro-por-tional haz-ards
 []

[27]
Underfull \vbox (badness 10000) has occurred while \output is active []

 [28 <./pdfs/Express_vulnerabilities_smells_file-grain_rplot.jpg> <./pdfs/Reque
st_vulnerabilities_smells_file-grain_rplot.jpg> <./pdfs/Grunt_vulnerabilities_s
mells_file-grain_rplot.jpg> <./pdfs/Bower_vulnerabilities_smells_file-grain_rpl
ot.jpg> <./pdfs/Hexo_vulnerabilities_smells_file-grain_rplot.jpg> <./pdfs/Riot_
vulnerabilities_smells_file-grain_rplot.jpg> <./pdfs/Webpack_vulnerabilities_sm
ells_file-grain_rplot.jpg> <./pdfs/Webtorrent_vulnerabilities_smells_file-grain
_rplot.jpg>] [29]
Underfull \hbox (badness 10000) in paragraph at lines 571--571
[]|$\OML/cmm/m/it/7 p$\OT1/cmr/m/n/7 -value (Cox
 []


Underfull \hbox (badness 10000) in paragraph at lines 571--571
\OT1/cmr/m/n/7 tional haz-ards
 []


Underfull \hbox (badness 10000) in paragraph at lines 595--595
[]|$\OML/cmm/m/it/7 p$\OT1/cmr/m/n/7 -value (Cox
 []


Underfull \hbox (badness 10000) in paragraph at lines 595--595
\OT1/cmr/m/n/7 tional haz-ards
 []


Underfull \hbox (badness 10000) in paragraph at lines 625--625
[]|$\OML/cmm/m/it/7 p$\OT1/cmr/m/n/7 -value (Cox
 []


Underfull \hbox (badness 10000) in paragraph at lines 625--625
\OT1/cmr/m/n/7 tional haz-ards
 []

[30] [31]
Underfull \hbox (badness 10000) in paragraph at lines 759--759
[]|\OT1/cmr/m/n/8 Number cre-
 []


Underfull \hbox (badness 10000) in paragraph at lines 759--759
\OT1/cmr/m/n/8 ated at file
 []


Underfull \hbox (badness 10000) in paragraph at lines 759--759
[]|\OT1/cmr/m/n/8 Average days
 []


LaTeX Warning: Float too large for page by 15.87642pt on input line 761.

<pdfs/Express_no-reassign_rplot.jpg, id=296, 481.8pt x 481.8pt>
File: pdfs/Express_no-reassign_rplot.jpg Graphic file (type jpg)

<use pdfs/Express_no-reassign_rplot.jpg>
Package pdftex.def Info: pdfs/Express_no-reassign_rplot.jpg used on input line 
767.
(pdftex.def)             Requested size: 113.81102pt x 113.81114pt.

<pdfs/Express_max-nested-callbacks_rplot.jpg, id=297, 481.8pt x 481.8pt>
File: pdfs/Express_max-nested-callbacks_rplot.jpg Graphic file (type jpg)

<use pdfs/Express_max-nested-callbacks_rplot.jpg>
Package pdftex.def Info: pdfs/Express_max-nested-callbacks_rplot.jpg used on in
put line 770.
(pdftex.def)             Requested size: 113.81102pt x 113.81114pt.

<pdfs/Express_complexity_rplot.jpg, id=298, 481.8pt x 481.8pt>
File: pdfs/Express_complexity_rplot.jpg Graphic file (type jpg)

<use pdfs/Express_complexity_rplot.jpg>
Package pdftex.def Info: pdfs/Express_complexity_rplot.jpg used on input line 7
73.
(pdftex.def)             Requested size: 113.81102pt x 113.81114pt.

<pdfs/Express_max-statements_rplot.jpg, id=299, 481.8pt x 481.8pt>
File: pdfs/Express_max-statements_rplot.jpg Graphic file (type jpg)

<use pdfs/Express_max-statements_rplot.jpg>
Package pdftex.def Info: pdfs/Express_max-statements_rplot.jpg used on input li
ne 776.
(pdftex.def)             Requested size: 113.81102pt x 113.81114pt.

<pdfs/Grunt_no-reassign_rplot.jpg, id=300, 481.8pt x 481.8pt>
File: pdfs/Grunt_no-reassign_rplot.jpg Graphic file (type jpg)

<use pdfs/Grunt_no-reassign_rplot.jpg>
Package pdftex.def Info: pdfs/Grunt_no-reassign_rplot.jpg used on input line 78
5.
(pdftex.def)             Requested size: 113.81102pt x 113.81114pt.

<pdfs/Grunt_max-len_rplot.jpg, id=301, 481.8pt x 481.8pt>
File: pdfs/Grunt_max-len_rplot.jpg Graphic file (type jpg)

<use pdfs/Grunt_max-len_rplot.jpg>
Package pdftex.def Info: pdfs/Grunt_max-len_rplot.jpg used on input line 788.
(pdftex.def)             Requested size: 113.81102pt x 113.81114pt.

<pdfs/Grunt_complexity_rplot.jpg, id=302, 481.8pt x 481.8pt>
File: pdfs/Grunt_complexity_rplot.jpg Graphic file (type jpg)

<use pdfs/Grunt_complexity_rplot.jpg>
Package pdftex.def Info: pdfs/Grunt_complexity_rplot.jpg used on input line 791
.
(pdftex.def)             Requested size: 113.81102pt x 113.81114pt.

<pdfs/Grunt_max-statements_rplot.jpg, id=303, 481.8pt x 481.8pt>
File: pdfs/Grunt_max-statements_rplot.jpg Graphic file (type jpg)

<use pdfs/Grunt_max-statements_rplot.jpg>
Package pdftex.def Info: pdfs/Grunt_max-statements_rplot.jpg used on input line
 794.
(pdftex.def)             Requested size: 113.81102pt x 113.81114pt.

<pdfs/Bower_no-reassign_rplot.jpg, id=304, 481.8pt x 481.8pt>
File: pdfs/Bower_no-reassign_rplot.jpg Graphic file (type jpg)

<use pdfs/Bower_no-reassign_rplot.jpg>
Package pdftex.def Info: pdfs/Bower_no-reassign_rplot.jpg used on input line 80
3.
(pdftex.def)             Requested size: 113.81102pt x 113.81114pt.

<pdfs/Bower_complex-chaining_rplot.jpg, id=305, 481.8pt x 481.8pt>
File: pdfs/Bower_complex-chaining_rplot.jpg Graphic file (type jpg)

<use pdfs/Bower_complex-chaining_rplot.jpg>
Package pdftex.def Info: pdfs/Bower_complex-chaining_rplot.jpg used on input li
ne 806.
(pdftex.def)             Requested size: 113.81102pt x 113.81114pt.

<pdfs/Bower_max-len_rplot.jpg, id=306, 481.8pt x 481.8pt>
File: pdfs/Bower_max-len_rplot.jpg Graphic file (type jpg)

<use pdfs/Bower_max-len_rplot.jpg>
Package pdftex.def Info: pdfs/Bower_max-len_rplot.jpg used on input line 809.
(pdftex.def)             Requested size: 113.81102pt x 113.81114pt.

<pdfs/Bower_max-nested-callbacks_rplot.jpg, id=307, 481.8pt x 481.8pt>
File: pdfs/Bower_max-nested-callbacks_rplot.jpg Graphic file (type jpg)

<use pdfs/Bower_max-nested-callbacks_rplot.jpg>
Package pdftex.def Info: pdfs/Bower_max-nested-callbacks_rplot.jpg used on inpu
t line 812.
(pdftex.def)             Requested size: 113.81102pt x 113.81114pt.

<pdfs/Less_no-reassign_rplot.jpg, id=308, 481.8pt x 481.8pt>
File: pdfs/Less_no-reassign_rplot.jpg Graphic file (type jpg)

<use pdfs/Less_no-reassign_rplot.jpg>
Package pdftex.def Info: pdfs/Less_no-reassign_rplot.jpg used on input line 821
.
(pdftex.def)             Requested size: 113.81102pt x 113.81114pt.

<pdfs/Less_max-nested-callbacks_rplot.jpg, id=309, 481.8pt x 481.8pt>
File: pdfs/Less_max-nested-callbacks_rplot.jpg Graphic file (type jpg)

<use pdfs/Less_max-nested-callbacks_rplot.jpg>
Package pdftex.def Info: pdfs/Less_max-nested-callbacks_rplot.jpg used on input
 line 824.
(pdftex.def)             Requested size: 113.81102pt x 113.81114pt.

<pdfs/Less_complexity_rplot.jpg, id=310, 481.8pt x 481.8pt>
File: pdfs/Less_complexity_rplot.jpg Graphic file (type jpg)

<use pdfs/Less_complexity_rplot.jpg>
Package pdftex.def Info: pdfs/Less_complexity_rplot.jpg used on input line 827.

(pdftex.def)             Requested size: 113.81102pt x 113.81114pt.

<pdfs/Less_max-statements_rplot.jpg, id=311, 481.8pt x 481.8pt>
File: pdfs/Less_max-statements_rplot.jpg Graphic file (type jpg)

<use pdfs/Less_max-statements_rplot.jpg>
Package pdftex.def Info: pdfs/Less_max-statements_rplot.jpg used on input line 
830.
(pdftex.def)             Requested size: 113.81102pt x 113.81114pt.

<pdfs/Request_no-reassign_rplot.jpg, id=312, 481.8pt x 481.8pt>
File: pdfs/Request_no-reassign_rplot.jpg Graphic file (type jpg)

<use pdfs/Request_no-reassign_rplot.jpg>
Package pdftex.def Info: pdfs/Request_no-reassign_rplot.jpg used on input line 
839.
(pdftex.def)             Requested size: 113.81102pt x 113.81114pt.

<pdfs/Request_this-assign_rplot.jpg, id=313, 481.8pt x 481.8pt>
File: pdfs/Request_this-assign_rplot.jpg Graphic file (type jpg)

<use pdfs/Request_this-assign_rplot.jpg>
Package pdftex.def Info: pdfs/Request_this-assign_rplot.jpg used on input line 
842.
(pdftex.def)             Requested size: 113.81102pt x 113.81114pt.

<pdfs/Request_complex-chaining_rplot.jpg, id=314, 481.8pt x 481.8pt>
File: pdfs/Request_complex-chaining_rplot.jpg Graphic file (type jpg)

<use pdfs/Request_complex-chaining_rplot.jpg>
Package pdftex.def Info: pdfs/Request_complex-chaining_rplot.jpg used on input 
line 845.
(pdftex.def)             Requested size: 113.81102pt x 113.81114pt.

<pdfs/Request_max-nested-callbacks_rplot.jpg, id=315, 481.8pt x 481.8pt>
File: pdfs/Request_max-nested-callbacks_rplot.jpg Graphic file (type jpg)

<use pdfs/Request_max-nested-callbacks_rplot.jpg>
Package pdftex.def Info: pdfs/Request_max-nested-callbacks_rplot.jpg used on in
put line 848.
(pdftex.def)             Requested size: 113.81102pt x 113.81114pt.

<pdfs/Jquery_no-reassign_rplot.jpg, id=316, 481.8pt x 481.8pt>
File: pdfs/Jquery_no-reassign_rplot.jpg Graphic file (type jpg)

<use pdfs/Jquery_no-reassign_rplot.jpg>
Package pdftex.def Info: pdfs/Jquery_no-reassign_rplot.jpg used on input line 8
57.
(pdftex.def)             Requested size: 113.81102pt x 113.81114pt.

<pdfs/Jquery_complex-switch-case_rplot.jpg, id=317, 481.8pt x 481.8pt>
File: pdfs/Jquery_complex-switch-case_rplot.jpg Graphic file (type jpg)

<use pdfs/Jquery_complex-switch-case_rplot.jpg>
Package pdftex.def Info: pdfs/Jquery_complex-switch-case_rplot.jpg used on inpu
t line 860.
(pdftex.def)             Requested size: 113.81102pt x 113.81114pt.

<pdfs/Jquery_this-assign_rplot.jpg, id=318, 481.8pt x 481.8pt>
File: pdfs/Jquery_this-assign_rplot.jpg Graphic file (type jpg)

<use pdfs/Jquery_this-assign_rplot.jpg>
Package pdftex.def Info: pdfs/Jquery_this-assign_rplot.jpg used on input line 8
63.
(pdftex.def)             Requested size: 113.81102pt x 113.81114pt.

<pdfs/Jquery_complex-chaining_rplot.jpg, id=319, 481.8pt x 481.8pt>
File: pdfs/Jquery_complex-chaining_rplot.jpg Graphic file (type jpg)

<use pdfs/Jquery_complex-chaining_rplot.jpg>
Package pdftex.def Info: pdfs/Jquery_complex-chaining_rplot.jpg used on input l
ine 866.
(pdftex.def)             Requested size: 113.81102pt x 113.81114pt.

<pdfs/Hexo_no-reassign_rplot.jpg, id=320, 481.8pt x 481.8pt>
File: pdfs/Hexo_no-reassign_rplot.jpg Graphic file (type jpg)

<use pdfs/Hexo_no-reassign_rplot.jpg>
Package pdftex.def Info: pdfs/Hexo_no-reassign_rplot.jpg used on input line 875
.
(pdftex.def)             Requested size: 113.81102pt x 113.81114pt.

<pdfs/Hexo_max-len_rplot.jpg, id=321, 481.8pt x 481.8pt>
File: pdfs/Hexo_max-len_rplot.jpg Graphic file (type jpg)

<use pdfs/Hexo_max-len_rplot.jpg>
Package pdftex.def Info: pdfs/Hexo_max-len_rplot.jpg used on input line 878.
(pdftex.def)             Requested size: 113.81102pt x 113.81114pt.

<pdfs/Hexo_max-params_rplot.jpg, id=322, 481.8pt x 481.8pt>
File: pdfs/Hexo_max-params_rplot.jpg Graphic file (type jpg)

<use pdfs/Hexo_max-params_rplot.jpg>
Package pdftex.def Info: pdfs/Hexo_max-params_rplot.jpg used on input line 881.

(pdftex.def)             Requested size: 113.81102pt x 113.81114pt.

<pdfs/Hexo_complexity_rplot.jpg, id=323, 481.8pt x 481.8pt>
File: pdfs/Hexo_complexity_rplot.jpg Graphic file (type jpg)

<use pdfs/Hexo_complexity_rplot.jpg>
Package pdftex.def Info: pdfs/Hexo_complexity_rplot.jpg used on input line 884.

(pdftex.def)             Requested size: 113.81102pt x 113.81114pt.

<pdfs/Leaflet_no-reassign_rplot.jpg, id=324, 481.8pt x 481.8pt>
File: pdfs/Leaflet_no-reassign_rplot.jpg Graphic file (type jpg)

<use pdfs/Leaflet_no-reassign_rplot.jpg>
Package pdftex.def Info: pdfs/Leaflet_no-reassign_rplot.jpg used on input line 
893.
(pdftex.def)             Requested size: 113.81102pt x 113.81114pt.

<pdfs/Leaflet_max-len_rplot.jpg, id=325, 481.8pt x 481.8pt>
File: pdfs/Leaflet_max-len_rplot.jpg Graphic file (type jpg)

<use pdfs/Leaflet_max-len_rplot.jpg>
Package pdftex.def Info: pdfs/Leaflet_max-len_rplot.jpg used on input line 896.

(pdftex.def)             Requested size: 113.81102pt x 113.81114pt.

<pdfs/Leaflet_max-nested-callbacks_rplot.jpg, id=326, 481.8pt x 481.8pt>
File: pdfs/Leaflet_max-nested-callbacks_rplot.jpg Graphic file (type jpg)

<use pdfs/Leaflet_max-nested-callbacks_rplot.jpg>
Package pdftex.def Info: pdfs/Leaflet_max-nested-callbacks_rplot.jpg used on in
put line 899.
(pdftex.def)             Requested size: 113.81102pt x 113.81114pt.

<pdfs/Leaflet_max-statements_rplot.jpg, id=327, 481.8pt x 481.8pt>
File: pdfs/Leaflet_max-statements_rplot.jpg Graphic file (type jpg)

<use pdfs/Leaflet_max-statements_rplot.jpg>
Package pdftex.def Info: pdfs/Leaflet_max-statements_rplot.jpg used on input li
ne 902.
(pdftex.def)             Requested size: 113.81102pt x 113.81114pt.

<pdfs/Ramda_no-reassign_rplot.jpg, id=328, 481.8pt x 481.8pt>
File: pdfs/Ramda_no-reassign_rplot.jpg Graphic file (type jpg)

<use pdfs/Ramda_no-reassign_rplot.jpg>
Package pdftex.def Info: pdfs/Ramda_no-reassign_rplot.jpg used on input line 91
1.
(pdftex.def)             Requested size: 113.81102pt x 113.81114pt.

<pdfs/Ramda_complex-chaining_rplot.jpg, id=329, 481.8pt x 481.8pt>
File: pdfs/Ramda_complex-chaining_rplot.jpg Graphic file (type jpg)

<use pdfs/Ramda_complex-chaining_rplot.jpg>
Package pdftex.def Info: pdfs/Ramda_complex-chaining_rplot.jpg used on input li
ne 914.
(pdftex.def)             Requested size: 113.81102pt x 113.81114pt.

<pdfs/Ramda_max-params_rplot.jpg, id=330, 481.8pt x 481.8pt>
File: pdfs/Ramda_max-params_rplot.jpg Graphic file (type jpg)

<use pdfs/Ramda_max-params_rplot.jpg>
Package pdftex.def Info: pdfs/Ramda_max-params_rplot.jpg used on input line 917
.
(pdftex.def)             Requested size: 113.81102pt x 113.81114pt.

<pdfs/Ramda_complexity_rplot.jpg, id=331, 481.8pt x 481.8pt>
File: pdfs/Ramda_complexity_rplot.jpg Graphic file (type jpg)

<use pdfs/Ramda_complexity_rplot.jpg>
Package pdftex.def Info: pdfs/Ramda_complexity_rplot.jpg used on input line 920
.
(pdftex.def)             Requested size: 113.81102pt x 113.81114pt.

<pdfs/Chart_no-reassign_rplot.jpg, id=332, 481.8pt x 481.8pt>
File: pdfs/Chart_no-reassign_rplot.jpg Graphic file (type jpg)

<use pdfs/Chart_no-reassign_rplot.jpg>
Package pdftex.def Info: pdfs/Chart_no-reassign_rplot.jpg used on input line 92
9.
(pdftex.def)             Requested size: 113.81102pt x 113.81114pt.

<pdfs/Chart_this-assign_rplot.jpg, id=333, 481.8pt x 481.8pt>
File: pdfs/Chart_this-assign_rplot.jpg Graphic file (type jpg)

<use pdfs/Chart_this-assign_rplot.jpg>
Package pdftex.def Info: pdfs/Chart_this-assign_rplot.jpg used on input line 93
2.
(pdftex.def)             Requested size: 113.81102pt x 113.81114pt.

<pdfs/Chart_max-len_rplot.jpg, id=334, 481.8pt x 481.8pt>
File: pdfs/Chart_max-len_rplot.jpg Graphic file (type jpg)

<use pdfs/Chart_max-len_rplot.jpg>
Package pdftex.def Info: pdfs/Chart_max-len_rplot.jpg used on input line 935.
(pdftex.def)             Requested size: 113.81102pt x 113.81114pt.

<pdfs/Chart_complex-switch-case_rplot.jpg, id=335, 481.8pt x 481.8pt>
File: pdfs/Chart_complex-switch-case_rplot.jpg Graphic file (type jpg)

<use pdfs/Chart_complex-switch-case_rplot.jpg>
Package pdftex.def Info: pdfs/Chart_complex-switch-case_rplot.jpg used on input
 line 938.
(pdftex.def)             Requested size: 113.81102pt x 113.81114pt.

<pdfs/Riot_no-reassign_rplot.jpg, id=336, 481.8pt x 481.8pt>
File: pdfs/Riot_no-reassign_rplot.jpg Graphic file (type jpg)

<use pdfs/Riot_no-reassign_rplot.jpg>
Package pdftex.def Info: pdfs/Riot_no-reassign_rplot.jpg used on input line 947
.
(pdftex.def)             Requested size: 113.81102pt x 113.81114pt.

<pdfs/Riot_max-len_rplot.jpg, id=337, 481.8pt x 481.8pt>
File: pdfs/Riot_max-len_rplot.jpg Graphic file (type jpg)

<use pdfs/Riot_max-len_rplot.jpg>
Package pdftex.def Info: pdfs/Riot_max-len_rplot.jpg used on input line 950.
(pdftex.def)             Requested size: 113.81102pt x 113.81114pt.

<pdfs/Riot_this-assign_rplot.jpg, id=338, 481.8pt x 481.8pt>
File: pdfs/Riot_this-assign_rplot.jpg Graphic file (type jpg)

<use pdfs/Riot_this-assign_rplot.jpg>
Package pdftex.def Info: pdfs/Riot_this-assign_rplot.jpg used on input line 953
.
(pdftex.def)             Requested size: 113.81102pt x 113.81114pt.

<pdfs/Riot_cond-assign_rplot.jpg, id=339, 481.8pt x 481.8pt>
File: pdfs/Riot_cond-assign_rplot.jpg Graphic file (type jpg)

<use pdfs/Riot_cond-assign_rplot.jpg>
Package pdftex.def Info: pdfs/Riot_cond-assign_rplot.jpg used on input line 956
.
(pdftex.def)             Requested size: 113.81102pt x 113.81114pt.

<pdfs/Vue_no-reassign_rplot.jpg, id=340, 481.8pt x 481.8pt>
File: pdfs/Vue_no-reassign_rplot.jpg Graphic file (type jpg)

<use pdfs/Vue_no-reassign_rplot.jpg>
Package pdftex.def Info: pdfs/Vue_no-reassign_rplot.jpg used on input line 965.

(pdftex.def)             Requested size: 113.81102pt x 113.81114pt.

<pdfs/Vue_max-len_rplot.jpg, id=341, 481.8pt x 481.8pt>
File: pdfs/Vue_max-len_rplot.jpg Graphic file (type jpg)

<use pdfs/Vue_max-len_rplot.jpg>
Package pdftex.def Info: pdfs/Vue_max-len_rplot.jpg used on input line 968.
(pdftex.def)             Requested size: 113.81102pt x 113.81114pt.

<pdfs/Vue_complexity_rplot.jpg, id=342, 481.8pt x 481.8pt>
File: pdfs/Vue_complexity_rplot.jpg Graphic file (type jpg)

<use pdfs/Vue_complexity_rplot.jpg>
Package pdftex.def Info: pdfs/Vue_complexity_rplot.jpg used on input line 971.
(pdftex.def)             Requested size: 113.81102pt x 113.81114pt.

<pdfs/Vue_max-statements_rplot.jpg, id=343, 481.8pt x 481.8pt>
File: pdfs/Vue_max-statements_rplot.jpg Graphic file (type jpg)

<use pdfs/Vue_max-statements_rplot.jpg>
Package pdftex.def Info: pdfs/Vue_max-statements_rplot.jpg used on input line 9
74.
(pdftex.def)             Requested size: 113.81102pt x 113.81114pt.

<pdfs/Moment_no-reassign_rplot.jpg, id=344, 481.8pt x 481.8pt>
File: pdfs/Moment_no-reassign_rplot.jpg Graphic file (type jpg)

<use pdfs/Moment_no-reassign_rplot.jpg>
Package pdftex.def Info: pdfs/Moment_no-reassign_rplot.jpg used on input line 9
83.
(pdftex.def)             Requested size: 113.81102pt x 113.81114pt.

<pdfs/Moment_max-nested-callbacks_rplot.jpg, id=345, 481.8pt x 481.8pt>
File: pdfs/Moment_max-nested-callbacks_rplot.jpg Graphic file (type jpg)

<use pdfs/Moment_max-nested-callbacks_rplot.jpg>
Package pdftex.def Info: pdfs/Moment_max-nested-callbacks_rplot.jpg used on inp
ut line 986.
(pdftex.def)             Requested size: 113.81102pt x 113.81114pt.

<pdfs/Moment_complex-switch-case_rplot.jpg, id=346, 481.8pt x 481.8pt>
File: pdfs/Moment_complex-switch-case_rplot.jpg Graphic file (type jpg)

<use pdfs/Moment_complex-switch-case_rplot.jpg>
Package pdftex.def Info: pdfs/Moment_complex-switch-case_rplot.jpg used on inpu
t line 989.
(pdftex.def)             Requested size: 113.81102pt x 113.81114pt.

<pdfs/Moment_complex-chaining_rplot.jpg, id=347, 481.8pt x 481.8pt>
File: pdfs/Moment_complex-chaining_rplot.jpg Graphic file (type jpg)

<use pdfs/Moment_complex-chaining_rplot.jpg>
Package pdftex.def Info: pdfs/Moment_complex-chaining_rplot.jpg used on input l
ine 992.
(pdftex.def)             Requested size: 113.81102pt x 113.81114pt.

<pdfs/Webpack_no-reassign_rplot.jpg, id=348, 481.8pt x 481.8pt>
File: pdfs/Webpack_no-reassign_rplot.jpg Graphic file (type jpg)

<use pdfs/Webpack_no-reassign_rplot.jpg>
Package pdftex.def Info: pdfs/Webpack_no-reassign_rplot.jpg used on input line 
1001.
(pdftex.def)             Requested size: 113.81102pt x 113.81114pt.

<pdfs/Webpack_max-nested-callbacks_rplot.jpg, id=349, 481.8pt x 481.8pt>
File: pdfs/Webpack_max-nested-callbacks_rplot.jpg Graphic file (type jpg)

<use pdfs/Webpack_max-nested-callbacks_rplot.jpg>
Package pdftex.def Info: pdfs/Webpack_max-nested-callbacks_rplot.jpg used on in
put line 1004.
(pdftex.def)             Requested size: 113.81102pt x 113.81114pt.

<pdfs/Webpack_complex-chaining_rplot.jpg, id=350, 481.8pt x 481.8pt>
File: pdfs/Webpack_complex-chaining_rplot.jpg Graphic file (type jpg)

<use pdfs/Webpack_complex-chaining_rplot.jpg>
Package pdftex.def Info: pdfs/Webpack_complex-chaining_rplot.jpg used on input 
line 1007.
(pdftex.def)             Requested size: 113.81102pt x 113.81114pt.

<pdfs/Webpack_max-len_rplot.jpg, id=351, 481.8pt x 481.8pt>
File: pdfs/Webpack_max-len_rplot.jpg Graphic file (type jpg)

<use pdfs/Webpack_max-len_rplot.jpg>
Package pdftex.def Info: pdfs/Webpack_max-len_rplot.jpg used on input line 1010
.
(pdftex.def)             Requested size: 113.81102pt x 113.81114pt.

<pdfs/Webtorrent_no-reassign_rplot.jpg, id=352, 481.8pt x 481.8pt>
File: pdfs/Webtorrent_no-reassign_rplot.jpg Graphic file (type jpg)

<use pdfs/Webtorrent_no-reassign_rplot.jpg>
Package pdftex.def Info: pdfs/Webtorrent_no-reassign_rplot.jpg used on input li
ne 1019.
(pdftex.def)             Requested size: 113.81102pt x 113.81114pt.

<pdfs/Webtorrent_this-assign_rplot.jpg, id=353, 481.8pt x 481.8pt>
File: pdfs/Webtorrent_this-assign_rplot.jpg Graphic file (type jpg)

<use pdfs/Webtorrent_this-assign_rplot.jpg>
Package pdftex.def Info: pdfs/Webtorrent_this-assign_rplot.jpg used on input li
ne 1022.
(pdftex.def)             Requested size: 113.81102pt x 113.81114pt.

<pdfs/Webtorrent_max-nested-callbacks_rplot.jpg, id=354, 481.8pt x 481.8pt>
File: pdfs/Webtorrent_max-nested-callbacks_rplot.jpg Graphic file (type jpg)

<use pdfs/Webtorrent_max-nested-callbacks_rplot.jpg>
Package pdftex.def Info: pdfs/Webtorrent_max-nested-callbacks_rplot.jpg used on
 input line 1025.
(pdftex.def)             Requested size: 113.81102pt x 113.81114pt.

<pdfs/Webtorrent_complex-chaining_rplot.jpg, id=355, 481.8pt x 481.8pt>
File: pdfs/Webtorrent_complex-chaining_rplot.jpg Graphic file (type jpg)

<use pdfs/Webtorrent_complex-chaining_rplot.jpg>
Package pdftex.def Info: pdfs/Webtorrent_complex-chaining_rplot.jpg used on inp
ut line 1028.
(pdftex.def)             Requested size: 113.81102pt x 113.81114pt.
 [32] [33] [34 <./pdfs/Express_no-reassign_rplot.jpg> <./pdfs/Express_max-neste
d-callbacks_rplot.jpg> <./pdfs/Express_complexity_rplot.jpg> <./pdfs/Express_ma
x-statements_rplot.jpg> <./pdfs/Grunt_no-reassign_rplot.jpg> <./pdfs/Grunt_max-
len_rplot.jpg> <./pdfs/Grunt_complexity_rplot.jpg> <./pdfs/Grunt_max-statements
_rplot.jpg>] [35 <./pdfs/Bower_no-reassign_rplot.jpg> <./pdfs/Bower_complex-cha
ining_rplot.jpg> <./pdfs/Bower_max-len_rplot.jpg> <./pdfs/Bower_max-nested-call
backs_rplot.jpg> <./pdfs/Less_no-reassign_rplot.jpg> <./pdfs/Less_max-nested-ca
llbacks_rplot.jpg> <./pdfs/Less_complexity_rplot.jpg> <./pdfs/Less_max-statemen
ts_rplot.jpg>] [36 <./pdfs/Request_no-reassign_rplot.jpg> <./pdfs/Request_this-
assign_rplot.jpg> <./pdfs/Request_complex-chaining_rplot.jpg> <./pdfs/Request_m
ax-nested-callbacks_rplot.jpg> <./pdfs/Jquery_no-reassign_rplot.jpg> <./pdfs/Jq
uery_complex-switch-case_rplot.jpg> <./pdfs/Jquery_this-assign_rplot.jpg> <./pd
fs/Jquery_complex-chaining_rplot.jpg>] [37 <./pdfs/Hexo_no-reassign_rplot.jpg> 
<./pdfs/Hexo_max-len_rplot.jpg> <./pdfs/Hexo_max-params_rplot.jpg> <./pdfs/Hexo
_complexity_rplot.jpg> <./pdfs/Leaflet_no-reassign_rplot.jpg> <./pdfs/Leaflet_m
ax-len_rplot.jpg> <./pdfs/Leaflet_max-nested-callbacks_rplot.jpg> <./pdfs/Leafl
et_max-statements_rplot.jpg>]
[38 <./pdfs/Ramda_no-reassign_rplot.jpg> <./pdfs/Ramda_complex-chaining_rplot.j
pg> <./pdfs/Ramda_max-params_rplot.jpg> <./pdfs/Ramda_complexity_rplot.jpg> <./
pdfs/Chart_no-reassign_rplot.jpg> <./pdfs/Chart_this-assign_rplot.jpg> <./pdfs/
Chart_max-len_rplot.jpg> <./pdfs/Chart_complex-switch-case_rplot.jpg>] [39 <./p
dfs/Riot_no-reassign_rplot.jpg> <./pdfs/Riot_max-len_rplot.jpg> <./pdfs/Riot_th
is-assign_rplot.jpg> <./pdfs/Riot_cond-assign_rplot.jpg>] [40 <./pdfs/Vue_no-re
assign_rplot.jpg> <./pdfs/Vue_max-len_rplot.jpg> <./pdfs/Vue_complexity_rplot.j
pg> <./pdfs/Vue_max-statements_rplot.jpg> <./pdfs/Moment_no-reassign_rplot.jpg>
 <./pdfs/Moment_max-nested-callbacks_rplot.jpg> <./pdfs/Moment_complex-switch-c
ase_rplot.jpg> <./pdfs/Moment_complex-chaining_rplot.jpg>] [41 <./pdfs/Webpack_
no-reassign_rplot.jpg> <./pdfs/Webpack_max-nested-callbacks_rplot.jpg> <./pdfs/
Webpack_complex-chaining_rplot.jpg> <./pdfs/Webpack_max-len_rplot.jpg> <./pdfs/
Webtorrent_no-reassign_rplot.jpg> <./pdfs/Webtorrent_this-assign_rplot.jpg> <./
pdfs/Webtorrent_max-nested-callbacks_rplot.jpg> <./pdfs/Webtorrent_complex-chai
ning_rplot.jpg>]
Underfull \vbox (badness 10000) has occurred while \output is active []

 [42]
[43]) (./threats.tex [44]) (./related.tex
Missing character: There is no  in font cmr9!
Missing character: There is no  in font cmr9!
Missing character: There is no  in font cmr9!
Missing character: There is no  in font cmr9!
Missing character: There is no  in font cmr9!
Missing character: There is no  in font cmr9!
Missing character: There is no  in font cmr9!
Missing character: There is no  in font cmr9!
 [45]
Missing character: There is no  in font cmr9!
Missing character: There is no  in font cmr9!
Missing character: There is no  in font cmr9!
Missing character: There is no  in font cmr9!
) (./conclusion.tex [46])
(./paper.bbl
Underfull \hbox (badness 10000) in paragraph at lines 12--14
[]\OT1/cmr/m/n/8 (????) Es-lint: The plug-gable lint-ing util-ity for javascrip
t and jsx.
 []


Underfull \hbox (badness 2573) in paragraph at lines 37--40
[]\OT1/cmr/m/n/8 (2016) jquery javascript style guide. URL $\OT1/zi4/m/n/8 http
s : / / contribute . jquery . org /
 []

[47]
Missing character: There is no  in font cmr8!
Missing character: There is no  in font cmr8!
Missing character: There is no  in font cmr8!
Missing character: There is no  in font cmr8!
Missing character: There is no  in font cmr8!
Missing character: There is no  in font cmr8!
Missing character: There is no  in font cmr8!
Missing character: There is no  in font cmr8!

Underfull \hbox (badness 3118) in paragraph at lines 61--65
[]\OT1/cmr/m/n/8 Abbes M, Khomh F, Gue-
 []


Underfull \hbox (badness 10000) in paragraph at lines 150--153
[]\OT1/cmr/m/n/8 Khomh F, Vaucher S,
 []


Underfull \hbox (badness 10000) in paragraph at lines 162--167
[]\OT1/cmr/m/n/8 Khomh F, Penta MD,
 []

[48]
Underfull \hbox (badness 6927) in paragraph at lines 218--222
[]\OT1/cmr/m/n/8 Nguyen HV, Nguyen
 []


Underfull \hbox (badness 10000) in paragraph at lines 255--258
[]
 []

[49]
Overfull \hbox (0.8563pt too wide) in paragraph at lines 288--292
[]
 []

) [50] (./paper.aux)

LaTeX Font Warning: Size substitutions with differences
(Font)              up to 0.5pt have occurred.

 ) 
Here is how much of TeX's memory you used:
 8920 strings out of 493089
 145151 string characters out of 6134842
 316395 words of memory out of 5000000
 12069 multiletter control sequences out of 15000+600000
 15848 words of font info for 58 fonts, out of 8000000 for 9000
 1144 hyphenation exceptions out of 8191
 44i,13n,75p,3017b,1633s stack positions out of 5000i,500n,10000p,200000b,80000s
{/usr/local/texlive/2015/texmf-dist/fonts/enc/dvips/inconsolata/i4-ot1-0.enc}
{/usr/local/texlive/2015/texmf-dist/fonts/enc/dvips/inconsolata/i4-ts1.enc}</us
r/local/texlive/2015/texmf-dist/fonts/type1/public/inconsolata/Inconsolata-zi4b
.pfb></usr/local/texlive/2015/texmf-dist/fonts/type1/public/inconsolata/Inconso
lata-zi4r.pfb></usr/local/texlive/2015/texmf-dist/fonts/type1/public/amsfonts/c
m/cmbsy10.pfb></usr/local/texlive/2015/texmf-dist/fonts/type1/public/amsfonts/c
m/cmbx12.pfb></usr/local/texlive/2015/texmf-dist/fonts/type1/public/amsfonts/cm
/cmbx7.pfb></usr/local/texlive/2015/texmf-dist/fonts/type1/public/amsfonts/cm/c
mbx8.pfb></usr/local/texlive/2015/texmf-dist/fonts/type1/public/amsfonts/cm/cmb
x9.pfb></usr/local/texlive/2015/texmf-dist/fonts/type1/public/amsfonts/cm/cmmi5
.pfb></usr/local/texlive/2015/texmf-dist/fonts/type1/public/amsfonts/cm/cmmi6.p
fb></usr/local/texlive/2015/texmf-dist/fonts/type1/public/amsfonts/cm/cmmi7.pfb
></usr/local/texlive/2015/texmf-dist/fonts/type1/public/amsfonts/cm/cmmi9.pfb><
/usr/local/texlive/2015/texmf-dist/fonts/type1/public/amsfonts/cm/cmr5.pfb></us
r/local/texlive/2015/texmf-dist/fonts/type1/public/amsfonts/cm/cmr6.pfb></usr/l
ocal/texlive/2015/texmf-dist/fonts/type1/public/amsfonts/cm/cmr7.pfb></usr/loca
l/texlive/2015/texmf-dist/fonts/type1/public/amsfonts/cm/cmr8.pfb></usr/local/t
exlive/2015/texmf-dist/fonts/type1/public/amsfonts/cm/cmr9.pfb></usr/local/texl
ive/2015/texmf-dist/fonts/type1/public/amsfonts/cm/cmsl9.pfb></usr/local/texliv
e/2015/texmf-dist/fonts/type1/public/amsfonts/cm/cmsy6.pfb></usr/local/texlive/
2015/texmf-dist/fonts/type1/public/amsfonts/cm/cmsy9.pfb></usr/local/texlive/20
15/texmf-dist/fonts/type1/public/amsfonts/cm/cmti9.pfb>
Output written on paper.pdf (50 pages, 2599918 bytes).
PDF statistics:
 486 PDF objects out of 1000 (max. 8388607)
 250 compressed objects within 3 object streams
 0 named destinations out of 1000 (max. 500000)
 516 words of extra memory for PDF output out of 10000 (max. 10000000)

